<?xml version="1.0" encoding="UTF-8"?>
<testsuite xmlns:xsi="http://www.w3.org/2001/XMLSchema-instance" xsi:noNamespaceSchemaLocation="https://maven.apache.org/surefire/maven-surefire-plugin/xsd/surefire-test-report-3.0.xsd" version="3.0" name="tech.henskens.portfolioservice.PortfolioServiceApplicationTests" time="6.172" tests="1" errors="0" skipped="0" failures="0">
  <properties>
[...]
</properties>
  <testcase name="contextLoads" classname="tech.henskens.portfolioservice.PortfolioServiceApplicationTests" time="1.036">
    <system-out><![CDATA[10:38:02.485 [main] INFO org.springframework.test.context.support.AnnotationConfigContextLoaderUtils -- Could not detect default configuration classes for test class [tech.henskens.portfolioservice.PortfolioServiceApplicationTests]: PortfolioServiceApplicationTests does not declare any static, non-private, non-final, nested classes annotated with @Configuration.
10:38:02.624 [main] INFO org.springframework.boot.test.context.SpringBootTestContextBootstrapper -- Found @SpringBootConfiguration tech.henskens.portfolioservice.PortfolioServiceApplication for test class tech.henskens.portfolioservice.PortfolioServiceApplicationTests

  .   ____          _            __ _ _
 /\\ / ___'_ __ _ _(_)_ __  __ _ \ \ \ \
( ( )\___ | '_ | '_| | '_ \/ _` | \ \ \ \
 \\/  ___)| |_)| | | | | || (_| |  ) ) ) )
  '  |____| .__|_| |_|_| |_\__, | / / / /
 =========|_|==============|___/=/_/_/_/
 :: Spring Boot ::                (v3.1.5)

2023-11-02T10:38:03.156+01:00  INFO 30400 --- [           main] t.h.p.PortfolioServiceApplicationTests   : Starting PortfolioServiceApplicationTests using Java 20.0.2 with PID 30400 (started by Peter in C:\Users\Peter\localdata\repo\Henskens\backEnd\henskens-service)
2023-11-02T10:38:03.159+01:00  INFO 30400 --- [           main] t.h.p.PortfolioServiceApplicationTests   : No active profile set, falling back to 1 default profile: "default"
2023-11-02T10:38:03.876+01:00  INFO 30400 --- [           main] .s.d.r.c.RepositoryConfigurationDelegate : Multiple Spring Data modules found, entering strict repository configuration mode
2023-11-02T10:38:03.877+01:00  INFO 30400 --- [           main] .s.d.r.c.RepositoryConfigurationDelegate : Bootstrapping Spring Data Couchbase repositories in DEFAULT mode.
2023-11-02T10:38:04.048+01:00  INFO 30400 --- [           main] .s.d.r.c.RepositoryConfigurationDelegate : Finished Spring Data repository scanning in 158 ms. Found 3 Couchbase repository interfaces.
2023-11-02T10:38:04.269+01:00  INFO 30400 --- [           main] .s.d.r.c.RepositoryConfigurationDelegate : Multiple Spring Data modules found, entering strict repository configuration mode
2023-11-02T10:38:04.269+01:00  INFO 30400 --- [           main] .s.d.r.c.RepositoryConfigurationDelegate : Bootstrapping Spring Data Couchbase repositories in DEFAULT mode.
2023-11-02T10:38:04.290+01:00  INFO 30400 --- [           main] .s.d.r.c.RepositoryConfigurationDelegate : Finished Spring Data repository scanning in 19 ms. Found 0 Couchbase repository interfaces.
2023-11-02T10:38:04.659+01:00  INFO 30400 --- [           main] trationDelegate$BeanPostProcessorChecker : Bean 'couchbaseConfig' of type [tech.henskens.portfolioservice.service.CouchbaseConfig$$SpringCGLIB$$0] is not eligible for getting processed by all BeanPostProcessors (for example: not eligible for auto-proxying)
2023-11-02T10:38:05.102+01:00  INFO 30400 --- [           main] trationDelegate$BeanPostProcessorChecker : Bean 'couchbaseClusterEnvironment' of type [com.couchbase.client.java.env.ClusterEnvironment] is not eligible for getting processed by all BeanPostProcessors (for example: not eligible for auto-proxying)
2023-11-02T10:38:05.201+01:00  INFO 30400 --- [      cb-events] com.couchbase.core                       : [com.couchbase.core][DnsSrvLookupFailedEvent][67ms] DNS SRV lookup failed (name not found). This is expected if the there is no DNS SRV record associated with the hostname in the connection string. Will now try to bootstrap directly from the given hostname. To suppress this message, specify an IP address instead of a hostname (for example: 127.0.0.1 instead of localhost), specify more than one hostname, or set the `io.enableDnsSrv` client setting to false.
2023-11-02T10:38:05.677+01:00  INFO 30400 --- [      cb-events] com.couchbase.core                       : [com.couchbase.core][CoreCreatedEvent] {"clientVersion":"3.4.11","clientGitHash":"${buildNumber}","coreVersion":"2.4.11","coreGitHash":"${buildNumber}","userAgent":"couchbase-java/3.4.11 (Windows 11 10.0 amd64; OpenJDK 64-Bit Server VM 20.0.2+9-78)","maxNumRequestsInRetry":32768,"ioEnvironment":{"nativeIoEnabled":true,"eventLoopThreadCount":6,"eventLoopGroups":["NioEventLoopGroup"]},"ioConfig":{"captureTraffic":[],"mutationTokensEnabled":true,"networkResolution":"auto","dnsSrvEnabled":true,"tcpKeepAlivesEnabled":true,"tcpKeepAliveTimeMs":60000,"configPollIntervalMs":2500,"kvCircuitBreakerConfig":"disabled","queryCircuitBreakerConfig":"disabled","viewCircuitBreakerConfig":"disabled","searchCircuitBreakerConfig":"disabled","analyticsCircuitBreakerConfig":"disabled","managerCircuitBreakerConfig":"disabled","eventingCircuitBreakerConfig":"disabled","backupCircuitBreakerConfig":"disabled","numKvConnections":1,"maxHttpConnections":12,"idleHttpConnectionTimeoutMs":1000,"configIdleRedialTimeoutMs":300000,"memcachedHashingStrategy":"StandardMemcachedHashingStrategy"},"compressionConfig":{"enabled":true,"minRatio":0.83,"minSize":32},"securityConfig":{"tlsEnabled":false,"nativeTlsEnabled":true,"hostnameVerificationEnabled":true,"trustCertificates":null,"trustManagerFactory":null,"ciphers":[]},"timeoutConfig":{"kvMs":2500,"kvDurableMs":10000,"kvScanMs":75000,"managementMs":75000,"queryMs":75000,"viewMs":75000,"searchMs":75000,"analyticsMs":75000,"connectMs":10000,"disconnectMs":10000,"eventingMs":75000,"backupMs":75000},"loggerConfig":{"customLogger":null,"fallbackToConsole":false,"consoleLogLevel":{"name":"INFO","resourceBundleName":"sun.util.logging.resources.logging","localizedName":"INFO"},"consoleLoggerFormatter":"DefaultLoggerFormatter","disableSlf4j":false,"loggerName":"CouchbaseLogger","diagnosticContextEnabled":false},"orphanReporterConfig":{"emitIntervalMs":10000,"sampleSize":10,"queueLength":1024,"enabled":true},"thresholdLoggingTracerConfig":{"enabled":true,"emitIntervalMs":10000,"sampleSize":10,"queueLength":1024,"kvThresholdMs":500,"queryThresholdMs":1000,"searchThresholdMs":1000,"analyticsThresholdMs":1000,"viewThresholdMs":1000,"transactionsThresholdMs":5000},"loggingMeterConfig":{"enabled":true,"emitIntervalMs":600000},"retryStrategy":"BestEffortRetryStrategy","requestTracer":"ThresholdLoggingTracer","meter":"LoggingMeter","numRequestCallbacks":0,"scheduler":"ParallelScheduler","schedulerThreadCount":12,"transactionsConfig":{"durabilityLevel":"MAJORITY","timeoutMs":15000,"cleanupConfig":{"runLostAttemptsCleanupThread":true,"runRegularAttemptsCleanupThread":true,"cleanupWindowMs":60000,"cleanupSet":""},"numAtrs":1024,"metadataCollection":"none","scanConsistency":"none"}} {"connectionString":"couchbase://localhost","coreId":"0xcd54173300000001","numCoreInstances":1,"seedNodes":[{"address":"localhost"}]}
2023-11-02T10:38:05.678+01:00  INFO 30400 --- [      cb-events] com.couchbase.transactions               : [com.couchbase.transactions][TransactionsStartedEvent] Transactions successfully initialised, regular cleanup enabled=true, lost cleanup enabled=true
2023-11-02T10:38:05.691+01:00  INFO 30400 --- [      cb-events] com.couchbase.node                       : [com.couchbase.node][NodeCreatedEvent] Node created {"coreId":"0xcd54173300000001","managerPort":"8091","remote":"localhost"}
2023-11-02T10:38:05.719+01:00  INFO 30400 --- [           main] trationDelegate$BeanPostProcessorChecker : Bean 'couchbaseCluster' of type [com.couchbase.client.java.Cluster] is not eligible for getting processed by all BeanPostProcessors (for example: not eligible for auto-proxying)
2023-11-02T10:38:05.765+01:00  INFO 30400 --- [           main] trationDelegate$BeanPostProcessorChecker : Bean 'couchbaseClientFactory' of type [org.springframework.data.couchbase.SimpleCouchbaseClientFactory] is not eligible for getting processed by all BeanPostProcessors (for example: not eligible for auto-proxying)
2023-11-02T10:38:05.769+01:00  INFO 30400 --- [           main] trationDelegate$BeanPostProcessorChecker : Bean 'couchbaseTransactionManager' of type [org.springframework.data.couchbase.transaction.CouchbaseCallbackTransactionManager] is not eligible for getting processed by all BeanPostProcessors (for example: not eligible for auto-proxying)
2023-11-02T10:38:06.222+01:00  INFO 30400 --- [      cb-events] com.couchbase.core                       : [com.couchbase.core][BucketOpenedEvent][401ms] Opened bucket "portfolio" {"coreId":"0xcd54173300000001"}
2023-11-02T10:38:07.139+01:00  WARN 30400 --- [           main] .s.s.UserDetailsServiceAutoConfiguration : 

Using generated security password: e91d8c6e-6fd8-4d95-9590-971bd0428e59

This generated password is for development use only. Your security configuration must be updated before running your application in production.

2023-11-02T10:38:07.295+01:00  INFO 30400 --- [           main] o.s.s.web.DefaultSecurityFilterChain     : Will secure any request with [org.springframework.security.web.session.DisableEncodeUrlFilter@166ddfb7, org.springframework.security.web.context.request.async.WebAsyncManagerIntegrationFilter@5da3f32a, org.springframework.security.web.context.SecurityContextHolderFilter@3155f190, org.springframework.security.web.header.HeaderWriterFilter@b56d8a7, org.springframework.security.web.csrf.CsrfFilter@2aa811f9, org.springframework.security.web.authentication.logout.LogoutFilter@6f4fc83f, org.springframework.security.web.authentication.UsernamePasswordAuthenticationFilter@25f14e93, org.springframework.security.web.authentication.ui.DefaultLoginPageGeneratingFilter@75aa7703, org.springframework.security.web.authentication.ui.DefaultLogoutPageGeneratingFilter@57b3d869, org.springframework.security.web.authentication.www.BasicAuthenticationFilter@3c9ef37b, org.springframework.security.web.savedrequest.RequestCacheAwareFilter@4ebd8d2, org.springframework.security.web.servletapi.SecurityContextHolderAwareRequestFilter@5018b56b, org.springframework.security.web.authentication.AnonymousAuthenticationFilter@51f4439e, org.springframework.security.web.access.ExceptionTranslationFilter@227b9277, org.springframework.security.web.access.intercept.AuthorizationFilter@4d525897]
2023-11-02T10:38:07.346+01:00  INFO 30400 --- [           main] t.h.p.PortfolioServiceApplicationTests   : Started PortfolioServiceApplicationTests in 4.504 seconds (process running for 5.924)
]]></system-out>
  </testcase>
</testsuite>